<?xml version="1.0" encoding="UTF-8"?>
<!-- Generated by org.testng.reporters.JUnitXMLReporter -->
<testsuite ignored="0" hostname="LAPTOP-S80L74PF" failures="0" tests="17" name="All Tests" time="45.16" errors="0" timestamp="2026-04-17T11:51:49 IST">
  <testcase classname="tests.LoginTest" name="verifyLoginScenarios" time="2.104"/>
  <testcase classname="tests.LoginTest" name="verifyLoginScenarios" time="2.703"/>
  <testcase classname="tests.LoginTest" name="verifyLoginScenarios" time="2.021"/>
  <testcase classname="tests.ProductTest" name="verifyProductDetailMatchesListing" time="0.338"/>
  <testcase classname="tests.ProductTest" name="verifyProductListDisplayed" time="0.042"/>
  <testcase classname="tests.ProductTest" name="verifySortByNameAZ" time="0.225"/>
  <testcase classname="tests.ProductTest" name="verifySortByPriceLowToHigh" time="0.191"/>
  <testcase classname="tests.CartTest" name="verifyAddSingleProduct" time="0.15"/>
  <testcase classname="tests.CartTest" name="verifyAddTwoProducts" time="0.222"/>
  <testcase classname="tests.CartTest" name="verifyCartPersistence" time="0.379"/>
  <testcase classname="tests.CartTest" name="verifyRemoveProductFromCart" time="0.366"/>
  <testcase classname="tests.CheckoutTest" name="verifyCheckoutInformation" time="0.401"/>
  <testcase classname="tests.CheckoutTest" name="verifyOrderCompletion" time="0.529"/>
  <testcase classname="tests.CheckoutTest" name="verifyOrderSummary" time="0.421"/>
  <testcase classname="tests.ProblemUserTest" name="verifyAddToCartWithProblemUser" time="0.101"/>
  <testcase classname="tests.ProblemUserTest" name="verifyBrokenProductImages" time="0.111"/>
  <testcase classname="tests.ProblemUserTest" name="verifyProductImageMismatch" time="0.067"/>
</testsuite> <!-- All Tests -->
