<?xml version="1.0" encoding="UTF-8"?>
<!-- Generated by org.testng.reporters.JUnitXMLReporter -->
<testsuite ignored="0" hostname="LAPTOP-S80L74PF" failures="0" tests="4" name="Cart Tests" time="18.543" errors="0" timestamp="2026-04-17T19:42:54 IST">
  <testcase classname="tests.CartTest" name="verifyAddSingleProduct" time="0.297"/>
  <testcase classname="tests.CartTest" name="verifyAddTwoProducts" time="0.398"/>
  <testcase classname="tests.CartTest" name="verifyCartPersistence" time="1.228"/>
  <testcase classname="tests.CartTest" name="verifyRemoveProductFromCart" time="0.565"/>
</testsuite> <!-- Cart Tests -->
