<?xml version="1.0" encoding="UTF-8"?>
<!-- Generated by org.testng.reporters.JUnitXMLReporter -->
<testsuite ignored="0" hostname="LAPTOP-S80L74PF" failures="0" tests="3" name="Checkout Tests" time="18.038" errors="0" timestamp="2026-04-17T19:42:58 IST">
  <testcase classname="tests.CheckoutTest" name="verifyCheckoutInformation" time="0.762"/>
  <testcase classname="tests.CheckoutTest" name="verifyOrderCompletion" time="2.28"/>
  <testcase classname="tests.CheckoutTest" name="verifyOrderSummary" time="0.899"/>
</testsuite> <!-- Checkout Tests -->
