<?xml version="1.0" encoding="UTF-8"?>
<!-- Generated by org.testng.reporters.JUnitXMLReporter -->
<testsuite ignored="0" hostname="LAPTOP-S80L74PF" failures="0" tests="3" name="Login Tests" time="17.163" errors="0" timestamp="2026-04-17T19:42:36 IST">
  <testcase classname="tests.LoginTest" name="verifyLoginScenarios" time="2.855"/>
  <testcase classname="tests.LoginTest" name="verifyLoginScenarios" time="2.148"/>
  <testcase classname="tests.LoginTest" name="verifyLoginScenarios" time="0.902"/>
</testsuite> <!-- Login Tests -->
