<?xml version="1.0" encoding="UTF-8"?>
<!-- Generated by org.testng.reporters.JUnitXMLReporter -->
<testsuite ignored="0" hostname="LAPTOP-S80L74PF" failures="0" tests="3" name="ProblemUser Tests" time="9.176" errors="0" timestamp="2026-04-17T19:43:03 IST">
  <testcase classname="tests.ProblemUserTest" name="verifyAddToCartWithProblemUser" time="0.153"/>
  <testcase classname="tests.ProblemUserTest" name="verifyBrokenProductImages" time="0.151"/>
  <testcase classname="tests.ProblemUserTest" name="verifyProductImageMismatch" time="0.094"/>
</testsuite> <!-- ProblemUser Tests -->
