<?xml version="1.0" encoding="UTF-8"?>
<!-- Generated by org.testng.reporters.JUnitXMLReporter -->
<testsuite ignored="0" hostname="LAPTOP-S80L74PF" failures="0" tests="4" name="Product Tests" time="22.392" errors="0" timestamp="2026-04-17T19:42:40 IST">
  <testcase classname="tests.ProductTest" name="verifyProductDetailMatchesListing" time="0.4"/>
  <testcase classname="tests.ProductTest" name="verifyProductListDisplayed" time="0.049"/>
  <testcase classname="tests.ProductTest" name="verifySortByNameAZ" time="0.397"/>
  <testcase classname="tests.ProductTest" name="verifySortByPriceLowToHigh" time="0.438"/>
</testsuite> <!-- Product Tests -->
