<?xml version="1.0" encoding="UTF-8"?>
<testng-results ignored="0" total="17" passed="17" failed="0" skipped="0">
  <reporter-output>
  </reporter-output>
  <suite started-at="2026-04-17T19:42:18 IST" name="ShopBot Suite" finished-at="2026-04-17T19:43:03 IST" duration-ms="45772">
    <groups>
    </groups>
    <test started-at="2026-04-17T19:42:18 IST" name="Login Tests" finished-at="2026-04-17T19:42:35 IST" duration-ms="17163">
      <class name="tests.LoginTest">
        <test-method is-config="true" signature="setUp()[pri:0, instance:tests.LoginTest@7d3e8655]" started-at="2026-04-17T19:42:19 IST" name="setUp" finished-at="2026-04-17T19:42:23 IST" duration-ms="3380" status="PASS">
          <reporter-output>
          </reporter-output>
        </test-method> <!-- setUp -->
        <test-method signature="verifyLoginScenarios(java.lang.String,java.lang.String,java.lang.String)[pri:0, instance:tests.LoginTest@7d3e8655]" started-at="2026-04-17T19:42:23 IST" name="verifyLoginScenarios" data-provider="loginData" finished-at="2026-04-17T19:42:26 IST" duration-ms="2855" status="PASS">
          <params>
            <param index="0">
              <value>
                <![CDATA[standard_user]]>
              </value>
            </param>
            <param index="1">
              <value>
                <![CDATA[secret_sauce]]>
              </value>
            </param>
            <param index="2">
              <value>
                <![CDATA[valid]]>
              </value>
            </param>
          </params>
          <reporter-output>
          </reporter-output>
        </test-method> <!-- verifyLoginScenarios -->
        <test-method is-config="true" signature="tearDown()[pri:0, instance:tests.LoginTest@7d3e8655]" started-at="2026-04-17T19:42:26 IST" name="tearDown" finished-at="2026-04-17T19:42:26 IST" duration-ms="490" status="PASS">
          <reporter-output>
          </reporter-output>
        </test-method> <!-- tearDown -->
        <test-method is-config="true" signature="setUp()[pri:0, instance:tests.LoginTest@7d3e8655]" started-at="2026-04-17T19:42:26 IST" name="setUp" finished-at="2026-04-17T19:42:28 IST" duration-ms="1813" status="PASS">
          <reporter-output>
          </reporter-output>
        </test-method> <!-- setUp -->
        <test-method signature="verifyLoginScenarios(java.lang.String,java.lang.String,java.lang.String)[pri:0, instance:tests.LoginTest@7d3e8655]" started-at="2026-04-17T19:42:28 IST" name="verifyLoginScenarios" data-provider="loginData" finished-at="2026-04-17T19:42:30 IST" duration-ms="2148" status="PASS">
          <params>
            <param index="0">
              <value>
                <![CDATA[locked_out_user]]>
              </value>
            </param>
            <param index="1">
              <value>
                <![CDATA[secret_sauce]]>
              </value>
            </param>
            <param index="2">
              <value>
                <![CDATA[locked]]>
              </value>
            </param>
          </params>
          <reporter-output>
          </reporter-output>
        </test-method> <!-- verifyLoginScenarios -->
        <test-method is-config="true" signature="tearDown()[pri:0, instance:tests.LoginTest@7d3e8655]" started-at="2026-04-17T19:42:30 IST" name="tearDown" finished-at="2026-04-17T19:42:31 IST" duration-ms="521" status="PASS">
          <reporter-output>
          </reporter-output>
        </test-method> <!-- tearDown -->
        <test-method is-config="true" signature="setUp()[pri:0, instance:tests.LoginTest@7d3e8655]" started-at="2026-04-17T19:42:31 IST" name="setUp" finished-at="2026-04-17T19:42:33 IST" duration-ms="2697" status="PASS">
          <reporter-output>
          </reporter-output>
        </test-method> <!-- setUp -->
        <test-method signature="verifyLoginScenarios(java.lang.String,java.lang.String,java.lang.String)[pri:0, instance:tests.LoginTest@7d3e8655]" started-at="2026-04-17T19:42:33 IST" name="verifyLoginScenarios" data-provider="loginData" finished-at="2026-04-17T19:42:34 IST" duration-ms="902" status="PASS">
          <params>
            <param index="0">
              <value>
                <![CDATA[]]>
              </value>
            </param>
            <param index="1">
              <value>
                <![CDATA[]]>
              </value>
            </param>
            <param index="2">
              <value>
                <![CDATA[empty]]>
              </value>
            </param>
          </params>
          <reporter-output>
          </reporter-output>
        </test-method> <!-- verifyLoginScenarios -->
        <test-method is-config="true" signature="tearDown()[pri:0, instance:tests.LoginTest@7d3e8655]" started-at="2026-04-17T19:42:34 IST" name="tearDown" finished-at="2026-04-17T19:42:35 IST" duration-ms="548" status="PASS">
          <reporter-output>
          </reporter-output>
        </test-method> <!-- tearDown -->
      </class> <!-- tests.LoginTest -->
    </test> <!-- Login Tests -->
    <test started-at="2026-04-17T19:42:18 IST" name="Product Tests" finished-at="2026-04-17T19:42:40 IST" duration-ms="22392">
      <class name="tests.ProductTest">
        <test-method is-config="true" signature="setUp()[pri:0, instance:tests.ProductTest@5852c06f]" started-at="2026-04-17T19:42:18 IST" name="setUp" finished-at="2026-04-17T19:42:23 IST" duration-ms="4756" status="PASS">
          <reporter-output>
          </reporter-output>
        </test-method> <!-- setUp -->
        <test-method is-config="true" signature="loginToApp()[pri:0, instance:tests.ProductTest@5852c06f]" started-at="2026-04-17T19:42:23 IST" name="loginToApp" finished-at="2026-04-17T19:42:25 IST" duration-ms="2600" status="PASS">
          <reporter-output>
          </reporter-output>
        </test-method> <!-- loginToApp -->
        <test-method signature="verifyProductDetailMatchesListing()[pri:0, instance:tests.ProductTest@5852c06f]" started-at="2026-04-17T19:42:25 IST" name="verifyProductDetailMatchesListing" finished-at="2026-04-17T19:42:26 IST" duration-ms="400" status="PASS">
          <reporter-output>
          </reporter-output>
        </test-method> <!-- verifyProductDetailMatchesListing -->
        <test-method is-config="true" signature="tearDown()[pri:0, instance:tests.ProductTest@5852c06f]" started-at="2026-04-17T19:42:26 IST" name="tearDown" finished-at="2026-04-17T19:42:26 IST" duration-ms="382" status="PASS">
          <reporter-output>
          </reporter-output>
        </test-method> <!-- tearDown -->
        <test-method is-config="true" signature="setUp()[pri:0, instance:tests.ProductTest@5852c06f]" started-at="2026-04-17T19:42:26 IST" name="setUp" finished-at="2026-04-17T19:42:29 IST" duration-ms="2939" status="PASS">
          <reporter-output>
          </reporter-output>
        </test-method> <!-- setUp -->
        <test-method is-config="true" signature="loginToApp()[pri:0, instance:tests.ProductTest@5852c06f]" started-at="2026-04-17T19:42:29 IST" name="loginToApp" finished-at="2026-04-17T19:42:30 IST" duration-ms="1110" status="PASS">
          <reporter-output>
          </reporter-output>
        </test-method> <!-- loginToApp -->
        <test-method signature="verifyProductListDisplayed()[pri:0, instance:tests.ProductTest@5852c06f]" started-at="2026-04-17T19:42:30 IST" name="verifyProductListDisplayed" finished-at="2026-04-17T19:42:30 IST" duration-ms="49" status="PASS">
          <reporter-output>
          </reporter-output>
        </test-method> <!-- verifyProductListDisplayed -->
        <test-method is-config="true" signature="tearDown()[pri:0, instance:tests.ProductTest@5852c06f]" started-at="2026-04-17T19:42:30 IST" name="tearDown" finished-at="2026-04-17T19:42:31 IST" duration-ms="501" status="PASS">
          <reporter-output>
          </reporter-output>
        </test-method> <!-- tearDown -->
        <test-method is-config="true" signature="setUp()[pri:0, instance:tests.ProductTest@5852c06f]" started-at="2026-04-17T19:42:31 IST" name="setUp" finished-at="2026-04-17T19:42:33 IST" duration-ms="2172" status="PASS">
          <reporter-output>
          </reporter-output>
        </test-method> <!-- setUp -->
        <test-method is-config="true" signature="loginToApp()[pri:0, instance:tests.ProductTest@5852c06f]" started-at="2026-04-17T19:42:33 IST" name="loginToApp" finished-at="2026-04-17T19:42:34 IST" duration-ms="1700" status="PASS">
          <reporter-output>
          </reporter-output>
        </test-method> <!-- loginToApp -->
        <test-method signature="verifySortByNameAZ()[pri:0, instance:tests.ProductTest@5852c06f]" started-at="2026-04-17T19:42:34 IST" name="verifySortByNameAZ" finished-at="2026-04-17T19:42:35 IST" duration-ms="397" status="PASS">
          <reporter-output>
          </reporter-output>
        </test-method> <!-- verifySortByNameAZ -->
        <test-method is-config="true" signature="tearDown()[pri:0, instance:tests.ProductTest@5852c06f]" started-at="2026-04-17T19:42:35 IST" name="tearDown" finished-at="2026-04-17T19:42:35 IST" duration-ms="399" status="PASS">
          <reporter-output>
          </reporter-output>
        </test-method> <!-- tearDown -->
        <test-method is-config="true" signature="setUp()[pri:0, instance:tests.ProductTest@5852c06f]" started-at="2026-04-17T19:42:35 IST" name="setUp" finished-at="2026-04-17T19:42:37 IST" duration-ms="2106" status="PASS">
          <reporter-output>
          </reporter-output>
        </test-method> <!-- setUp -->
        <test-method is-config="true" signature="loginToApp()[pri:0, instance:tests.ProductTest@5852c06f]" started-at="2026-04-17T19:42:37 IST" name="loginToApp" finished-at="2026-04-17T19:42:39 IST" duration-ms="1954" status="PASS">
          <reporter-output>
          </reporter-output>
        </test-method> <!-- loginToApp -->
        <test-method signature="verifySortByPriceLowToHigh()[pri:0, instance:tests.ProductTest@5852c06f]" started-at="2026-04-17T19:42:39 IST" name="verifySortByPriceLowToHigh" finished-at="2026-04-17T19:42:40 IST" duration-ms="438" status="PASS">
          <reporter-output>
          </reporter-output>
        </test-method> <!-- verifySortByPriceLowToHigh -->
        <test-method is-config="true" signature="tearDown()[pri:0, instance:tests.ProductTest@5852c06f]" started-at="2026-04-17T19:42:40 IST" name="tearDown" finished-at="2026-04-17T19:42:40 IST" duration-ms="334" status="PASS">
          <reporter-output>
          </reporter-output>
        </test-method> <!-- tearDown -->
      </class> <!-- tests.ProductTest -->
    </test> <!-- Product Tests -->
    <test started-at="2026-04-17T19:42:36 IST" name="Cart Tests" finished-at="2026-04-17T19:42:54 IST" duration-ms="18543">
      <class name="tests.CartTest">
        <test-method is-config="true" signature="setUp()[pri:0, instance:tests.CartTest@163370c2]" started-at="2026-04-17T19:42:36 IST" name="setUp" finished-at="2026-04-17T19:42:38 IST" duration-ms="2686" status="PASS">
          <reporter-output>
          </reporter-output>
        </test-method> <!-- setUp -->
        <test-method is-config="true" signature="setupCart()[pri:0, instance:tests.CartTest@163370c2]" started-at="2026-04-17T19:42:38 IST" name="setupCart" finished-at="2026-04-17T19:42:39 IST" duration-ms="883" status="PASS">
          <reporter-output>
          </reporter-output>
        </test-method> <!-- setupCart -->
        <test-method signature="verifyAddSingleProduct()[pri:0, instance:tests.CartTest@163370c2]" started-at="2026-04-17T19:42:39 IST" name="verifyAddSingleProduct" finished-at="2026-04-17T19:42:40 IST" duration-ms="297" status="PASS">
          <reporter-output>
          </reporter-output>
        </test-method> <!-- verifyAddSingleProduct -->
        <test-method is-config="true" signature="tearDown()[pri:0, instance:tests.CartTest@163370c2]" started-at="2026-04-17T19:42:40 IST" name="tearDown" finished-at="2026-04-17T19:42:40 IST" duration-ms="306" status="PASS">
          <reporter-output>
          </reporter-output>
        </test-method> <!-- tearDown -->
        <test-method is-config="true" signature="setUp()[pri:0, instance:tests.CartTest@163370c2]" started-at="2026-04-17T19:42:40 IST" name="setUp" finished-at="2026-04-17T19:42:42 IST" duration-ms="2667" status="PASS">
          <reporter-output>
          </reporter-output>
        </test-method> <!-- setUp -->
        <test-method is-config="true" signature="setupCart()[pri:0, instance:tests.CartTest@163370c2]" started-at="2026-04-17T19:42:42 IST" name="setupCart" finished-at="2026-04-17T19:42:44 IST" duration-ms="1094" status="PASS">
          <reporter-output>
          </reporter-output>
        </test-method> <!-- setupCart -->
        <test-method signature="verifyAddTwoProducts()[pri:0, instance:tests.CartTest@163370c2]" started-at="2026-04-17T19:42:44 IST" name="verifyAddTwoProducts" finished-at="2026-04-17T19:42:44 IST" duration-ms="398" status="PASS">
          <reporter-output>
          </reporter-output>
        </test-method> <!-- verifyAddTwoProducts -->
        <test-method is-config="true" signature="tearDown()[pri:0, instance:tests.CartTest@163370c2]" started-at="2026-04-17T19:42:44 IST" name="tearDown" finished-at="2026-04-17T19:42:44 IST" duration-ms="298" status="PASS">
          <reporter-output>
          </reporter-output>
        </test-method> <!-- tearDown -->
        <test-method is-config="true" signature="setUp()[pri:0, instance:tests.CartTest@163370c2]" started-at="2026-04-17T19:42:44 IST" name="setUp" finished-at="2026-04-17T19:42:46 IST" duration-ms="1834" status="PASS">
          <reporter-output>
          </reporter-output>
        </test-method> <!-- setUp -->
        <test-method is-config="true" signature="setupCart()[pri:0, instance:tests.CartTest@163370c2]" started-at="2026-04-17T19:42:46 IST" name="setupCart" finished-at="2026-04-17T19:42:48 IST" duration-ms="1553" status="PASS">
          <reporter-output>
          </reporter-output>
        </test-method> <!-- setupCart -->
        <test-method signature="verifyCartPersistence()[pri:0, instance:tests.CartTest@163370c2]" started-at="2026-04-17T19:42:48 IST" name="verifyCartPersistence" finished-at="2026-04-17T19:42:49 IST" duration-ms="1228" status="PASS">
          <reporter-output>
          </reporter-output>
        </test-method> <!-- verifyCartPersistence -->
        <test-method is-config="true" signature="tearDown()[pri:0, instance:tests.CartTest@163370c2]" started-at="2026-04-17T19:42:49 IST" name="tearDown" finished-at="2026-04-17T19:42:49 IST" duration-ms="352" status="PASS">
          <reporter-output>
          </reporter-output>
        </test-method> <!-- tearDown -->
        <test-method is-config="true" signature="setUp()[pri:0, instance:tests.CartTest@163370c2]" started-at="2026-04-17T19:42:49 IST" name="setUp" finished-at="2026-04-17T19:42:51 IST" duration-ms="1510" status="PASS">
          <reporter-output>
          </reporter-output>
        </test-method> <!-- setUp -->
        <test-method is-config="true" signature="setupCart()[pri:0, instance:tests.CartTest@163370c2]" started-at="2026-04-17T19:42:51 IST" name="setupCart" finished-at="2026-04-17T19:42:53 IST" duration-ms="1818" status="PASS">
          <reporter-output>
          </reporter-output>
        </test-method> <!-- setupCart -->
        <test-method signature="verifyRemoveProductFromCart()[pri:0, instance:tests.CartTest@163370c2]" started-at="2026-04-17T19:42:53 IST" name="verifyRemoveProductFromCart" finished-at="2026-04-17T19:42:53 IST" duration-ms="565" status="PASS">
          <reporter-output>
          </reporter-output>
        </test-method> <!-- verifyRemoveProductFromCart -->
        <test-method is-config="true" signature="tearDown()[pri:0, instance:tests.CartTest@163370c2]" started-at="2026-04-17T19:42:53 IST" name="tearDown" finished-at="2026-04-17T19:42:54 IST" duration-ms="1039" status="PASS">
          <reporter-output>
          </reporter-output>
        </test-method> <!-- tearDown -->
      </class> <!-- tests.CartTest -->
    </test> <!-- Cart Tests -->
    <test started-at="2026-04-17T19:42:40 IST" name="Checkout Tests" finished-at="2026-04-17T19:42:58 IST" duration-ms="18038">
      <class name="tests.CheckoutTest">
        <test-method is-config="true" signature="setUp()[pri:0, instance:tests.CheckoutTest@51bd8b5c]" started-at="2026-04-17T19:42:40 IST" name="setUp" finished-at="2026-04-17T19:42:42 IST" duration-ms="2398" status="PASS">
          <reporter-output>
          </reporter-output>
        </test-method> <!-- setUp -->
        <test-method is-config="true" signature="setupCheckout()[pri:0, instance:tests.CheckoutTest@51bd8b5c]" started-at="2026-04-17T19:42:42 IST" name="setupCheckout" finished-at="2026-04-17T19:42:44 IST" duration-ms="1448" status="PASS">
          <reporter-output>
          </reporter-output>
        </test-method> <!-- setupCheckout -->
        <test-method signature="verifyCheckoutInformation()[pri:0, instance:tests.CheckoutTest@51bd8b5c]" started-at="2026-04-17T19:42:44 IST" name="verifyCheckoutInformation" finished-at="2026-04-17T19:42:45 IST" duration-ms="762" status="PASS">
          <reporter-output>
          </reporter-output>
        </test-method> <!-- verifyCheckoutInformation -->
        <test-method is-config="true" signature="tearDown()[pri:0, instance:tests.CheckoutTest@51bd8b5c]" started-at="2026-04-17T19:42:45 IST" name="tearDown" finished-at="2026-04-17T19:42:46 IST" duration-ms="881" status="PASS">
          <reporter-output>
          </reporter-output>
        </test-method> <!-- tearDown -->
        <test-method is-config="true" signature="setUp()[pri:0, instance:tests.CheckoutTest@51bd8b5c]" started-at="2026-04-17T19:42:46 IST" name="setUp" finished-at="2026-04-17T19:42:48 IST" duration-ms="2340" status="PASS">
          <reporter-output>
          </reporter-output>
        </test-method> <!-- setUp -->
        <test-method is-config="true" signature="setupCheckout()[pri:0, instance:tests.CheckoutTest@51bd8b5c]" started-at="2026-04-17T19:42:48 IST" name="setupCheckout" finished-at="2026-04-17T19:42:49 IST" duration-ms="1428" status="PASS">
          <reporter-output>
          </reporter-output>
        </test-method> <!-- setupCheckout -->
        <test-method signature="verifyOrderCompletion()[pri:0, instance:tests.CheckoutTest@51bd8b5c]" started-at="2026-04-17T19:42:49 IST" name="verifyOrderCompletion" finished-at="2026-04-17T19:42:52 IST" duration-ms="2280" status="PASS">
          <reporter-output>
          </reporter-output>
        </test-method> <!-- verifyOrderCompletion -->
        <test-method is-config="true" signature="tearDown()[pri:0, instance:tests.CheckoutTest@51bd8b5c]" started-at="2026-04-17T19:42:52 IST" name="tearDown" finished-at="2026-04-17T19:42:52 IST" duration-ms="818" status="PASS">
          <reporter-output>
          </reporter-output>
        </test-method> <!-- tearDown -->
        <test-method is-config="true" signature="setUp()[pri:0, instance:tests.CheckoutTest@51bd8b5c]" started-at="2026-04-17T19:42:52 IST" name="setUp" finished-at="2026-04-17T19:42:55 IST" duration-ms="2258" status="PASS">
          <reporter-output>
          </reporter-output>
        </test-method> <!-- setUp -->
        <test-method is-config="true" signature="setupCheckout()[pri:0, instance:tests.CheckoutTest@51bd8b5c]" started-at="2026-04-17T19:42:55 IST" name="setupCheckout" finished-at="2026-04-17T19:42:57 IST" duration-ms="2129" status="PASS">
          <reporter-output>
          </reporter-output>
        </test-method> <!-- setupCheckout -->
        <test-method signature="verifyOrderSummary()[pri:0, instance:tests.CheckoutTest@51bd8b5c]" started-at="2026-04-17T19:42:57 IST" name="verifyOrderSummary" finished-at="2026-04-17T19:42:58 IST" duration-ms="899" status="PASS">
          <reporter-output>
          </reporter-output>
        </test-method> <!-- verifyOrderSummary -->
        <test-method is-config="true" signature="tearDown()[pri:0, instance:tests.CheckoutTest@51bd8b5c]" started-at="2026-04-17T19:42:58 IST" name="tearDown" finished-at="2026-04-17T19:42:58 IST" duration-ms="383" status="PASS">
          <reporter-output>
          </reporter-output>
        </test-method> <!-- tearDown -->
      </class> <!-- tests.CheckoutTest -->
    </test> <!-- Checkout Tests -->
    <test started-at="2026-04-17T19:42:54 IST" name="ProblemUser Tests" finished-at="2026-04-17T19:43:03 IST" duration-ms="9176">
      <class name="tests.ProblemUserTest">
        <test-method is-config="true" signature="setUp()[pri:0, instance:tests.ProblemUserTest@1ec9bd38]" started-at="2026-04-17T19:42:54 IST" name="setUp" finished-at="2026-04-17T19:42:56 IST" duration-ms="2064" status="PASS">
          <reporter-output>
          </reporter-output>
        </test-method> <!-- setUp -->
        <test-method is-config="true" signature="setupProblemUser()[pri:0, instance:tests.ProblemUserTest@1ec9bd38]" started-at="2026-04-17T19:42:56 IST" name="setupProblemUser" finished-at="2026-04-17T19:42:57 IST" duration-ms="754" status="PASS">
          <reporter-output>
          </reporter-output>
        </test-method> <!-- setupProblemUser -->
        <test-method signature="verifyAddToCartWithProblemUser()[pri:0, instance:tests.ProblemUserTest@1ec9bd38]" started-at="2026-04-17T19:42:57 IST" name="verifyAddToCartWithProblemUser" finished-at="2026-04-17T19:42:57 IST" duration-ms="153" status="PASS">
          <reporter-output>
          </reporter-output>
        </test-method> <!-- verifyAddToCartWithProblemUser -->
        <test-method is-config="true" signature="tearDown()[pri:0, instance:tests.ProblemUserTest@1ec9bd38]" started-at="2026-04-17T19:42:57 IST" name="tearDown" finished-at="2026-04-17T19:42:57 IST" duration-ms="247" status="PASS">
          <reporter-output>
          </reporter-output>
        </test-method> <!-- tearDown -->
        <test-method is-config="true" signature="setUp()[pri:0, instance:tests.ProblemUserTest@1ec9bd38]" started-at="2026-04-17T19:42:57 IST" name="setUp" finished-at="2026-04-17T19:42:59 IST" duration-ms="1992" status="PASS">
          <reporter-output>
          </reporter-output>
        </test-method> <!-- setUp -->
        <test-method is-config="true" signature="setupProblemUser()[pri:0, instance:tests.ProblemUserTest@1ec9bd38]" started-at="2026-04-17T19:42:59 IST" name="setupProblemUser" finished-at="2026-04-17T19:43:00 IST" duration-ms="573" status="PASS">
          <reporter-output>
          </reporter-output>
        </test-method> <!-- setupProblemUser -->
        <test-method signature="verifyBrokenProductImages()[pri:0, instance:tests.ProblemUserTest@1ec9bd38]" started-at="2026-04-17T19:43:00 IST" name="verifyBrokenProductImages" finished-at="2026-04-17T19:43:00 IST" duration-ms="151" status="PASS">
          <reporter-output>
          </reporter-output>
        </test-method> <!-- verifyBrokenProductImages -->
        <test-method is-config="true" signature="tearDown()[pri:0, instance:tests.ProblemUserTest@1ec9bd38]" started-at="2026-04-17T19:43:00 IST" name="tearDown" finished-at="2026-04-17T19:43:01 IST" duration-ms="320" status="PASS">
          <reporter-output>
          </reporter-output>
        </test-method> <!-- tearDown -->
        <test-method is-config="true" signature="setUp()[pri:0, instance:tests.ProblemUserTest@1ec9bd38]" started-at="2026-04-17T19:43:01 IST" name="setUp" finished-at="2026-04-17T19:43:02 IST" duration-ms="1184" status="PASS">
          <reporter-output>
          </reporter-output>
        </test-method> <!-- setUp -->
        <test-method is-config="true" signature="setupProblemUser()[pri:0, instance:tests.ProblemUserTest@1ec9bd38]" started-at="2026-04-17T19:43:02 IST" name="setupProblemUser" finished-at="2026-04-17T19:43:03 IST" duration-ms="1372" status="PASS">
          <reporter-output>
          </reporter-output>
        </test-method> <!-- setupProblemUser -->
        <test-method signature="verifyProductImageMismatch()[pri:0, instance:tests.ProblemUserTest@1ec9bd38]" started-at="2026-04-17T19:43:03 IST" name="verifyProductImageMismatch" finished-at="2026-04-17T19:43:03 IST" duration-ms="94" status="PASS">
          <reporter-output>
          </reporter-output>
        </test-method> <!-- verifyProductImageMismatch -->
        <test-method is-config="true" signature="tearDown()[pri:0, instance:tests.ProblemUserTest@1ec9bd38]" started-at="2026-04-17T19:43:03 IST" name="tearDown" finished-at="2026-04-17T19:43:03 IST" duration-ms="259" status="PASS">
          <reporter-output>
          </reporter-output>
        </test-method> <!-- tearDown -->
      </class> <!-- tests.ProblemUserTest -->
    </test> <!-- ProblemUser Tests -->
  </suite> <!-- ShopBot Suite -->
</testng-results>
