<?xml version="1.0" encoding="UTF-8"?>
<!-- Generated by org.testng.reporters.JUnitReportReporter -->
<testsuite hostname="LAPTOP-S80L74PF" failures="0" tests="4" name="tests.CartTest" time="18.528" errors="0" timestamp="2026-04-17T19:43:04 IST" skipped="0">
  <testcase classname="tests.CartTest" name="verifyRemoveProductFromCart" time="4.651"/>
  <testcase classname="tests.CartTest" name="verifyAddSingleProduct" time="4.723"/>
  <testcase classname="tests.CartTest" name="verifyAddTwoProducts" time="5.181"/>
  <testcase classname="tests.CartTest" name="verifyCartPersistence" time="3.973"/>
</testsuite> <!-- tests.CartTest -->
