<?xml version="1.0" encoding="UTF-8"?>
<!-- Generated by org.testng.reporters.JUnitReportReporter -->
<testsuite hostname="LAPTOP-S80L74PF" failures="0" tests="4" name="tests.ProductTest" time="22.237" errors="0" timestamp="2026-04-17T19:43:04 IST" skipped="0">
  <testcase classname="tests.ProductTest" name="verifyProductDetailMatchesListing" time="4.015"/>
  <testcase classname="tests.ProductTest" name="verifySortByPriceLowToHigh" time="7.649"/>
  <testcase classname="tests.ProductTest" name="verifyProductListDisplayed" time="5.155"/>
  <testcase classname="tests.ProductTest" name="verifySortByNameAZ" time="5.418"/>
</testsuite> <!-- tests.ProductTest -->
