<?xml version="1.0" encoding="UTF-8"?>
<!-- Generated by org.testng.reporters.JUnitReportReporter -->
<testsuite hostname="LAPTOP-S80L74PF" failures="0" tests="3" name="tests.LoginTest" time="15.354" errors="0" timestamp="2026-04-17T19:43:04 IST" skipped="0">
  <testcase classname="tests.LoginTest" name="verifyLoginScenarios" time="6.049"/>
  <testcase classname="tests.LoginTest" name="verifyLoginScenarios" time="5.158"/>
  <testcase classname="tests.LoginTest" name="verifyLoginScenarios" time="4.147"/>
</testsuite> <!-- tests.LoginTest -->
