<?xml version="1.0" encoding="UTF-8"?>
<!-- Generated by org.testng.reporters.JUnitReportReporter -->
<testsuite hostname="LAPTOP-S80L74PF" failures="0" tests="3" name="tests.ProblemUserTest" time="9.163" errors="0" timestamp="2026-04-17T19:43:04 IST" skipped="0">
  <testcase classname="tests.ProblemUserTest" name="verifyBrokenProductImages" time="2.228"/>
  <testcase classname="tests.ProblemUserTest" name="verifyProductImageMismatch" time="3.159"/>
  <testcase classname="tests.ProblemUserTest" name="verifyAddToCartWithProblemUser" time="3.776"/>
</testsuite> <!-- tests.ProblemUserTest -->
