<?xml version="1.0" encoding="UTF-8"?>
<!-- Generated by org.testng.reporters.JUnitReportReporter -->
<testsuite hostname="LAPTOP-S80L74PF" failures="0" tests="4" name="tests.CartTest" time="19.997" errors="0" timestamp="2026-04-17T19:44:42 IST" skipped="0">
  <testcase classname="tests.CartTest" name="verifyAddSingleProduct" time="4.336"/>
  <testcase classname="tests.CartTest" name="verifyAddTwoProducts" time="4.331"/>
  <testcase classname="tests.CartTest" name="verifyCartPersistence" time="6.039"/>
  <testcase classname="tests.CartTest" name="verifyRemoveProductFromCart" time="5.291"/>
</testsuite> <!-- tests.CartTest -->
