<?xml version="1.0" encoding="UTF-8"?>
<!-- Generated by org.testng.reporters.JUnitReportReporter -->
<testsuite hostname="LAPTOP-S80L74PF" failures="0" tests="3" name="tests.CheckoutTest" time="17.386" errors="0" timestamp="2026-04-17T19:44:42 IST" skipped="0">
  <testcase classname="tests.CheckoutTest" name="verifyOrderCompletion" time="6.030"/>
  <testcase classname="tests.CheckoutTest" name="verifyOrderSummary" time="6.454"/>
  <testcase classname="tests.CheckoutTest" name="verifyCheckoutInformation" time="4.902"/>
</testsuite> <!-- tests.CheckoutTest -->
