<?xml version="1.0" encoding="UTF-8"?>
<!-- Generated by org.testng.reporters.JUnitReportReporter -->
<testsuite hostname="LAPTOP-S80L74PF" failures="0" tests="4" name="tests.ProductTest" time="24.309" errors="0" timestamp="2026-04-17T19:44:42 IST" skipped="0">
  <testcase classname="tests.ProductTest" name="verifySortByPriceLowToHigh" time="4.172"/>
  <testcase classname="tests.ProductTest" name="verifySortByNameAZ" time="4.893"/>
  <testcase classname="tests.ProductTest" name="verifyProductDetailMatchesListing" time="10.592"/>
  <testcase classname="tests.ProductTest" name="verifyProductListDisplayed" time="4.652"/>
</testsuite> <!-- tests.ProductTest -->
