<?xml version="1.0" encoding="UTF-8"?>
<!-- Generated by org.testng.reporters.JUnitReportReporter -->
<testsuite hostname="LAPTOP-S80L74PF" failures="0" tests="3" name="tests.ProblemUserTest" time="9.167" errors="0" timestamp="2026-04-17T19:44:42 IST" skipped="0">
  <testcase classname="tests.ProblemUserTest" name="verifyBrokenProductImages" time="2.950"/>
  <testcase classname="tests.ProblemUserTest" name="verifyProductImageMismatch" time="4.004"/>
  <testcase classname="tests.ProblemUserTest" name="verifyAddToCartWithProblemUser" time="2.213"/>
</testsuite> <!-- tests.ProblemUserTest -->
