<?xml version="1.0" encoding="UTF-8"?>
<!-- Generated by org.testng.reporters.JUnitReportReporter -->
<testsuite hostname="LAPTOP-S80L74PF" failures="0" tests="3" name="tests.LoginTest" time="17.020" errors="0" timestamp="2026-04-17T19:44:42 IST" skipped="0">
  <testcase classname="tests.LoginTest" name="verifyLoginScenarios" time="7.312"/>
  <testcase classname="tests.LoginTest" name="verifyLoginScenarios" time="4.135"/>
  <testcase classname="tests.LoginTest" name="verifyLoginScenarios" time="5.573"/>
</testsuite> <!-- tests.LoginTest -->
