<?xml version="1.0" encoding="UTF-8"?>
<!-- Generated by org.testng.reporters.JUnitXMLReporter -->
<testsuite ignored="0" hostname="LAPTOP-S80L74PF" failures="0" tests="4" name="Cart Tests" time="20.01" errors="0" timestamp="2026-04-17T19:44:32 IST">
  <testcase classname="tests.CartTest" name="verifyAddSingleProduct" time="0.397"/>
  <testcase classname="tests.CartTest" name="verifyAddTwoProducts" time="0.48"/>
  <testcase classname="tests.CartTest" name="verifyCartPersistence" time="1.413"/>
  <testcase classname="tests.CartTest" name="verifyRemoveProductFromCart" time="0.99"/>
</testsuite> <!-- Cart Tests -->
