<?xml version="1.0" encoding="UTF-8"?>
<!-- Generated by org.testng.reporters.JUnitXMLReporter -->
<testsuite ignored="0" hostname="LAPTOP-S80L74PF" failures="0" tests="3" name="Checkout Tests" time="17.394" errors="0" timestamp="2026-04-17T19:44:35 IST">
  <testcase classname="tests.CheckoutTest" name="verifyCheckoutInformation" time="0.892"/>
  <testcase classname="tests.CheckoutTest" name="verifyOrderCompletion" time="1.673"/>
  <testcase classname="tests.CheckoutTest" name="verifyOrderSummary" time="1.432"/>
</testsuite> <!-- Checkout Tests -->
