<?xml version="1.0" encoding="UTF-8"?>
<!-- Generated by org.testng.reporters.JUnitXMLReporter -->
<testsuite ignored="0" hostname="LAPTOP-S80L74PF" failures="0" tests="3" name="Login Tests" time="18.946" errors="0" timestamp="2026-04-17T19:44:12 IST">
  <testcase classname="tests.LoginTest" name="verifyLoginScenarios" time="2.035"/>
  <testcase classname="tests.LoginTest" name="verifyLoginScenarios" time="1.08"/>
  <testcase classname="tests.LoginTest" name="verifyLoginScenarios" time="0.858"/>
</testsuite> <!-- Login Tests -->
