<?xml version="1.0" encoding="UTF-8"?>
<!-- Generated by org.testng.reporters.JUnitXMLReporter -->
<testsuite ignored="0" hostname="LAPTOP-S80L74PF" failures="0" tests="3" name="ProblemUser Tests" time="9.177" errors="0" timestamp="2026-04-17T19:44:42 IST">
  <testcase classname="tests.ProblemUserTest" name="verifyAddToCartWithProblemUser" time="0.182"/>
  <testcase classname="tests.ProblemUserTest" name="verifyBrokenProductImages" time="0.204"/>
  <testcase classname="tests.ProblemUserTest" name="verifyProductImageMismatch" time="0.093"/>
</testsuite> <!-- ProblemUser Tests -->
