<?xml version="1.0" encoding="UTF-8"?>
<!-- Generated by org.testng.reporters.JUnitXMLReporter -->
<testsuite ignored="0" hostname="LAPTOP-S80L74PF" failures="0" tests="4" name="Product Tests" time="24.415" errors="0" timestamp="2026-04-17T19:44:17 IST">
  <testcase classname="tests.ProductTest" name="verifyProductDetailMatchesListing" time="0.396"/>
  <testcase classname="tests.ProductTest" name="verifyProductListDisplayed" time="0.069"/>
  <testcase classname="tests.ProductTest" name="verifySortByNameAZ" time="0.571"/>
  <testcase classname="tests.ProductTest" name="verifySortByPriceLowToHigh" time="0.636"/>
</testsuite> <!-- Product Tests -->
